2017-11-10 09:35:59,104 DEBUG [background-preinit] logging: Logging Provider: org.jboss.logging.Slf4jLoggerProvider found via system property
2017-11-10 09:36:01,894 INFO  [restartedMain] AgreeGatewayV1App: The following profiles are active: swagger,dev
2017-11-10 09:36:05,555 DEBUG [restartedMain] AsyncConfiguration: Creating Async Task Executor
2017-11-10 09:36:06,825 DEBUG [restartedMain] MetricsConfiguration: Registering JVM gauges
2017-11-10 09:36:06,886 DEBUG [restartedMain] MetricsConfiguration: Monitoring the datasource
2017-11-10 09:36:06,889 DEBUG [restartedMain] MetricsConfiguration: Initializing Metrics JMX reporting
2017-11-10 09:36:08,706 DEBUG [restartedMain] CacheConfiguration: Configuring Hazelcast
2017-11-10 09:36:08,799 DEBUG [restartedMain] CacheConfiguration: Configuring Hazelcast clustering for instanceId: agreeGatewayV1
2017-11-10 09:36:08,800 DEBUG [restartedMain] CacheConfiguration: Application is running with the "dev" profile, Hazelcast cluster will only work with localhost instances
2017-11-10 09:36:08,945 INFO  [restartedMain] DiscoveryClient: Initializing Eureka in region us-east-1
2017-11-10 09:36:09,493 INFO  [restartedMain] DiscoveryJerseyProvider: Using JSON encoding codec LegacyJacksonJson
2017-11-10 09:36:09,494 INFO  [restartedMain] DiscoveryJerseyProvider: Using JSON decoding codec LegacyJacksonJson
2017-11-10 09:36:09,658 INFO  [restartedMain] DiscoveryJerseyProvider: Using XML encoding codec XStreamXml
2017-11-10 09:36:09,660 INFO  [restartedMain] DiscoveryJerseyProvider: Using XML decoding codec XStreamXml
2017-11-10 09:36:09,940 INFO  [restartedMain] ConfigClusterResolver: Resolving eureka endpoints via configuration
2017-11-10 09:36:10,151 INFO  [restartedMain] DiscoveryClient: Disable delta property : false
2017-11-10 09:36:10,151 INFO  [restartedMain] DiscoveryClient: Single vip registry refresh property : null
2017-11-10 09:36:10,153 INFO  [restartedMain] DiscoveryClient: Force full registry fetch : false
2017-11-10 09:36:10,154 INFO  [restartedMain] DiscoveryClient: Application is null : false
2017-11-10 09:36:10,155 INFO  [restartedMain] DiscoveryClient: Registered Applications size is zero : true
2017-11-10 09:36:10,158 INFO  [restartedMain] DiscoveryClient: Application version is -1: true
2017-11-10 09:36:10,159 INFO  [restartedMain] DiscoveryClient: Getting all instance registry info from the eureka server
2017-11-10 09:36:11,136 INFO  [restartedMain] DiscoveryClient: The response status is 200
2017-11-10 09:36:11,136 INFO  [restartedMain] DiscoveryClient: Starting heartbeat executor: renew interval is: 5
2017-11-10 09:36:11,136 INFO  [restartedMain] InstanceInfoReplicator: InstanceInfoReplicator onDemand update allowed rate per min is 12
2017-11-10 09:36:11,152 INFO  [restartedMain] DiscoveryClient: Discovery Client initialized at timestamp 1510286771152 with initial instances count: 0
2017-11-10 09:36:12,026 INFO  [restartedMain] DefaultAddressPicker: [LOCAL] [dev] [3.7.7] Picked [127.0.0.1]:13781, using socket ServerSocket[addr=/0:0:0:0:0:0:0:0,localport=13781], bind any local is true
2017-11-10 09:36:12,062 INFO  [restartedMain] system: [127.0.0.1]:13781 [dev] [3.7.7] Hazelcast 3.7.7 (20170404 - e3c56ea) starting at [127.0.0.1]:13781
2017-11-10 09:36:12,074 INFO  [restartedMain] system: [127.0.0.1]:13781 [dev] [3.7.7] Copyright (c) 2008-2016, Hazelcast, Inc. All Rights Reserved.
2017-11-10 09:36:12,077 INFO  [restartedMain] system: [127.0.0.1]:13781 [dev] [3.7.7] Configured Hazelcast Serialization version : 1
2017-11-10 09:36:12,362 INFO  [restartedMain] BackpressureRegulator: [127.0.0.1]:13781 [dev] [3.7.7] Backpressure is disabled
2017-11-10 09:36:12,901 DEBUG [restartedMain] ClusterService: [127.0.0.1]:13781 [dev] [3.7.7] Updating members [Member [127.0.0.1]:13781 - 0d8e8123-e10c-4bf4-a9bb-58b94bb388d5 this]
2017-11-10 09:36:12,902 DEBUG [restartedMain] InternalPartitionService: [127.0.0.1]:13781 [dev] [3.7.7] Adding Member [127.0.0.1]:13781 - 0d8e8123-e10c-4bf4-a9bb-58b94bb388d5 this
2017-11-10 09:36:12,921 INFO  [restartedMain] Node: [127.0.0.1]:13781 [dev] [3.7.7] Creating TcpIpJoiner
2017-11-10 09:36:13,083 INFO  [restartedMain] OperationExecutorImpl: [127.0.0.1]:13781 [dev] [3.7.7] Starting 4 partition threads
2017-11-10 09:36:13,083 INFO  [restartedMain] OperationExecutorImpl: [127.0.0.1]:13781 [dev] [3.7.7] Starting 3 generic threads (1 dedicated for priority tasks)
2017-11-10 09:36:13,083 INFO  [restartedMain] LifecycleService: [127.0.0.1]:13781 [dev] [3.7.7] [127.0.0.1]:13781 is STARTING
2017-11-10 09:36:13,083 DEBUG [restartedMain] InternalPartitionService: [127.0.0.1]:13781 [dev] [3.7.7] Adding Member [127.0.0.1]:13781 - 0d8e8123-e10c-4bf4-a9bb-58b94bb388d5 this
2017-11-10 09:36:13,083 INFO  [restartedMain] NonBlockingIOThreadingModel: [127.0.0.1]:13781 [dev] [3.7.7] TcpIpConnectionManager configured with Non Blocking IO-threading model: 3 input threads and 3 output threads
2017-11-10 09:36:13,083 DEBUG [restartedMain] NonBlockingIOThreadingModel: [127.0.0.1]:13781 [dev] [3.7.7] IO threads selector mode is SELECT
2017-11-10 09:36:13,121 DEBUG [restartedMain] TcpIpJoiner: [127.0.0.1]:13781 [dev] [3.7.7] This node will assume master role since no possible member where connected to.
2017-11-10 09:36:13,121 DEBUG [restartedMain] TcpIpJoiner: [127.0.0.1]:13781 [dev] [3.7.7] PostJoin master: [127.0.0.1]:13781, isMaster: true
2017-11-10 09:36:13,121 INFO  [restartedMain] TcpIpJoiner: [127.0.0.1]:13781 [dev] [3.7.7] 


Members [1] {
	Member [127.0.0.1]:13781 - 0d8e8123-e10c-4bf4-a9bb-58b94bb388d5 this
}

2017-11-10 09:36:13,422 INFO  [restartedMain] LifecycleService: [127.0.0.1]:13781 [dev] [3.7.7] [127.0.0.1]:13781 is STARTED
2017-11-10 09:36:14,654 DEBUG [restartedMain] WebConfigurer: Registering CORS filter
2017-11-10 09:36:14,909 WARN  [restartedMain] URLConfigurationSource: No URLs will be polled as dynamic configuration sources.
2017-11-10 09:36:15,387 INFO  [restartedMain] WebConfigurer: Web application configuration, using profiles: swagger
2017-11-10 09:36:15,389 DEBUG [restartedMain] WebConfigurer: Initializing Metrics registries
2017-11-10 09:36:15,397 DEBUG [restartedMain] WebConfigurer: Registering Metrics Filter
2017-11-10 09:36:15,398 DEBUG [restartedMain] WebConfigurer: Registering Metrics Servlet
2017-11-10 09:36:15,403 INFO  [restartedMain] WebConfigurer: Web application fully configured
2017-11-10 09:36:15,779 DEBUG [restartedMain] DatabaseConfiguration: Configuring Liquibase
2017-11-10 09:36:15,796 WARN  [agree-gateway-v-1-Executor-1] AsyncSpringLiquibase: Starting Liquibase asynchronously, your database might not be ready at startup!
2017-11-10 09:36:16,332 INFO  [DiscoveryClient-HeartbeatExecutor-0] DiscoveryClient: DiscoveryClient_AGREEGATEWAYV1/agreeGatewayV1:05e46d25c894c183014525ed1550002a - Re-registering apps/AGREEGATEWAYV1
2017-11-10 09:36:16,332 INFO  [DiscoveryClient-HeartbeatExecutor-0] DiscoveryClient: DiscoveryClient_AGREEGATEWAYV1/agreeGatewayV1:05e46d25c894c183014525ed1550002a: registering service...
2017-11-10 09:36:17,071 INFO  [DiscoveryClient-HeartbeatExecutor-0] DiscoveryClient: DiscoveryClient_AGREEGATEWAYV1/agreeGatewayV1:05e46d25c894c183014525ed1550002a - registration status: 204
2017-11-10 09:36:19,034 INFO  [restartedMain] HazelcastCacheRegionFactory: Starting up HazelcastCacheRegionFactory
2017-11-10 09:36:19,048 INFO  [restartedMain] HazelcastInstanceFactory: Using existing HazelcastInstance [agreeGatewayV1].
2017-11-10 09:36:19,111 DEBUG [agree-gateway-v-1-Executor-1] AsyncSpringLiquibase: Liquibase has updated your database in 3312 ms
2017-11-10 09:36:21,155 INFO  [DiscoveryClient-CacheRefreshExecutor-0] DiscoveryClient: Disable delta property : false
2017-11-10 09:36:21,159 INFO  [DiscoveryClient-CacheRefreshExecutor-0] DiscoveryClient: Single vip registry refresh property : null
2017-11-10 09:36:21,160 INFO  [DiscoveryClient-CacheRefreshExecutor-0] DiscoveryClient: Force full registry fetch : false
2017-11-10 09:36:21,161 INFO  [DiscoveryClient-CacheRefreshExecutor-0] DiscoveryClient: Application is null : false
2017-11-10 09:36:21,194 INFO  [DiscoveryClient-CacheRefreshExecutor-0] DiscoveryClient: Registered Applications size is zero : true
2017-11-10 09:36:21,196 INFO  [DiscoveryClient-CacheRefreshExecutor-0] DiscoveryClient: Application version is -1: false
2017-11-10 09:36:21,198 INFO  [DiscoveryClient-CacheRefreshExecutor-0] DiscoveryClient: Getting all instance registry info from the eureka server
2017-11-10 09:36:21,223 INFO  [DiscoveryClient-CacheRefreshExecutor-0] DiscoveryClient: The response status is 200
2017-11-10 09:36:24,735 DEBUG [restartedMain] CacheConfiguration: Starting HazelcastCacheManager
2017-11-10 09:36:27,669 DEBUG [restartedMain] SwaggerConfiguration: Starting Swagger
2017-11-10 09:36:27,681 DEBUG [restartedMain] SwaggerConfiguration: Started Swagger in 9 ms
2017-11-10 09:36:28,950 WARN  [restartedMain] URLConfigurationSource: No URLs will be polled as dynamic configuration sources.
2017-11-10 09:36:29,358 WARN  [restartedMain] AnnotationMBeanExporter: Bean with key 'zuulEndpoint' has been registered as an MBean but has no exposed attributes or operations
2017-11-10 09:36:29,884 INFO  [restartedMain] DiscoveryClient: Saw local status change event StatusChangeEvent [timestamp=1510286789884, current=UP, previous=STARTING]
2017-11-10 09:36:29,888 INFO  [DiscoveryClient-InstanceInfoReplicator-0] DiscoveryClient: DiscoveryClient_AGREEGATEWAYV1/agreeGatewayV1:05e46d25c894c183014525ed1550002a: registering service...
2017-11-10 09:36:29,914 INFO  [DiscoveryClient-InstanceInfoReplicator-0] DiscoveryClient: DiscoveryClient_AGREEGATEWAYV1/agreeGatewayV1:05e46d25c894c183014525ed1550002a - registration status: 204
2017-11-10 09:36:30,991 INFO  [restartedMain] AgreeGatewayV1App: Started AgreeGatewayV1App in 34.72 seconds (JVM running for 35.854)
2017-11-10 09:36:30,994 INFO  [restartedMain] AgreeGatewayV1App: 
----------------------------------------------------------
	Application 'agreeGatewayV1' is running! Access URLs:
	Local: 		https://localhost:8080
	External: 	https://192.168.0.18:8080
	Profile(s): 	[swagger, dev]
----------------------------------------------------------
2017-11-10 09:36:30,996 INFO  [restartedMain] AgreeGatewayV1App: 
----------------------------------------------------------
	Config Server: 	Connected to the JHipster Registry config server!
----------------------------------------------------------
2017-11-10 09:36:31,595 INFO  [DiscoveryClient-CacheRefreshExecutor-0] DiscoveryClient: Disable delta property : false
2017-11-10 09:36:31,595 INFO  [DiscoveryClient-CacheRefreshExecutor-0] DiscoveryClient: Single vip registry refresh property : null
2017-11-10 09:36:31,595 INFO  [DiscoveryClient-CacheRefreshExecutor-0] DiscoveryClient: Force full registry fetch : false
2017-11-10 09:36:31,595 INFO  [DiscoveryClient-CacheRefreshExecutor-0] DiscoveryClient: Application is null : false
2017-11-10 09:36:31,595 INFO  [DiscoveryClient-CacheRefreshExecutor-0] DiscoveryClient: Registered Applications size is zero : true
2017-11-10 09:36:31,595 INFO  [DiscoveryClient-CacheRefreshExecutor-0] DiscoveryClient: Application version is -1: false
2017-11-10 09:36:31,595 INFO  [DiscoveryClient-CacheRefreshExecutor-0] DiscoveryClient: Getting all instance registry info from the eureka server
2017-11-10 09:36:31,626 INFO  [DiscoveryClient-CacheRefreshExecutor-0] DiscoveryClient: The response status is 200
2017-11-10 09:41:10,180 INFO  [AsyncResolver-bootstrap-executor-0] ConfigClusterResolver: Resolving eureka endpoints via configuration
2017-11-10 09:46:10,195 INFO  [AsyncResolver-bootstrap-executor-0] ConfigClusterResolver: Resolving eureka endpoints via configuration
2017-11-10 09:51:10,203 INFO  [AsyncResolver-bootstrap-executor-0] ConfigClusterResolver: Resolving eureka endpoints via configuration
2017-11-10 09:56:10,219 INFO  [AsyncResolver-bootstrap-executor-0] ConfigClusterResolver: Resolving eureka endpoints via configuration
2017-11-10 10:01:10,221 INFO  [AsyncResolver-bootstrap-executor-0] ConfigClusterResolver: Resolving eureka endpoints via configuration
2017-11-10 10:06:10,223 INFO  [AsyncResolver-bootstrap-executor-0] ConfigClusterResolver: Resolving eureka endpoints via configuration
2017-11-10 10:11:10,226 INFO  [AsyncResolver-bootstrap-executor-0] ConfigClusterResolver: Resolving eureka endpoints via configuration
2017-11-10 10:16:10,228 INFO  [AsyncResolver-bootstrap-executor-0] ConfigClusterResolver: Resolving eureka endpoints via configuration
2017-11-10 10:21:10,229 INFO  [AsyncResolver-bootstrap-executor-0] ConfigClusterResolver: Resolving eureka endpoints via configuration
2017-11-10 10:26:10,236 INFO  [AsyncResolver-bootstrap-executor-0] ConfigClusterResolver: Resolving eureka endpoints via configuration
2017-11-10 10:31:10,241 INFO  [AsyncResolver-bootstrap-executor-0] ConfigClusterResolver: Resolving eureka endpoints via configuration
2017-11-10 10:36:10,257 INFO  [AsyncResolver-bootstrap-executor-0] ConfigClusterResolver: Resolving eureka endpoints via configuration
2017-11-10 10:41:10,259 INFO  [AsyncResolver-bootstrap-executor-0] ConfigClusterResolver: Resolving eureka endpoints via configuration
2017-11-10 10:46:10,276 INFO  [AsyncResolver-bootstrap-executor-0] ConfigClusterResolver: Resolving eureka endpoints via configuration
2017-11-10 10:51:10,279 INFO  [AsyncResolver-bootstrap-executor-0] ConfigClusterResolver: Resolving eureka endpoints via configuration
2017-11-10 10:56:10,293 INFO  [AsyncResolver-bootstrap-executor-0] ConfigClusterResolver: Resolving eureka endpoints via configuration
2017-11-10 11:01:10,296 INFO  [AsyncResolver-bootstrap-executor-0] ConfigClusterResolver: Resolving eureka endpoints via configuration
2017-11-10 11:06:10,308 INFO  [AsyncResolver-bootstrap-executor-0] ConfigClusterResolver: Resolving eureka endpoints via configuration
2017-11-10 11:11:10,312 INFO  [AsyncResolver-bootstrap-executor-0] ConfigClusterResolver: Resolving eureka endpoints via configuration
2017-11-10 11:16:10,326 INFO  [AsyncResolver-bootstrap-executor-0] ConfigClusterResolver: Resolving eureka endpoints via configuration
2017-11-10 11:21:10,331 INFO  [AsyncResolver-bootstrap-executor-0] ConfigClusterResolver: Resolving eureka endpoints via configuration
2017-11-10 11:26:10,342 INFO  [AsyncResolver-bootstrap-executor-0] ConfigClusterResolver: Resolving eureka endpoints via configuration
2017-11-10 11:31:10,357 INFO  [AsyncResolver-bootstrap-executor-0] ConfigClusterResolver: Resolving eureka endpoints via configuration
2017-11-10 11:36:10,365 INFO  [AsyncResolver-bootstrap-executor-0] ConfigClusterResolver: Resolving eureka endpoints via configuration
2017-11-10 11:41:10,367 INFO  [AsyncResolver-bootstrap-executor-0] ConfigClusterResolver: Resolving eureka endpoints via configuration
2017-11-10 11:46:10,369 INFO  [AsyncResolver-bootstrap-executor-0] ConfigClusterResolver: Resolving eureka endpoints via configuration
2017-11-10 11:51:10,328 INFO  [AsyncResolver-bootstrap-executor-0] ConfigClusterResolver: Resolving eureka endpoints via configuration
2017-11-10 11:56:10,331 INFO  [AsyncResolver-bootstrap-executor-0] ConfigClusterResolver: Resolving eureka endpoints via configuration
2017-11-10 12:01:10,358 INFO  [AsyncResolver-bootstrap-executor-0] ConfigClusterResolver: Resolving eureka endpoints via configuration
2017-11-10 12:06:10,360 INFO  [AsyncResolver-bootstrap-executor-0] ConfigClusterResolver: Resolving eureka endpoints via configuration
2017-11-10 12:11:10,374 INFO  [AsyncResolver-bootstrap-executor-0] ConfigClusterResolver: Resolving eureka endpoints via configuration
2017-11-10 12:16:10,376 INFO  [AsyncResolver-bootstrap-executor-0] ConfigClusterResolver: Resolving eureka endpoints via configuration
2017-11-10 12:21:10,377 INFO  [AsyncResolver-bootstrap-executor-0] ConfigClusterResolver: Resolving eureka endpoints via configuration
2017-11-10 12:26:10,393 INFO  [AsyncResolver-bootstrap-executor-0] ConfigClusterResolver: Resolving eureka endpoints via configuration
2017-11-10 12:31:10,396 INFO  [AsyncResolver-bootstrap-executor-0] ConfigClusterResolver: Resolving eureka endpoints via configuration
2017-11-10 12:36:10,411 INFO  [AsyncResolver-bootstrap-executor-0] ConfigClusterResolver: Resolving eureka endpoints via configuration
2017-11-10 12:41:10,434 INFO  [AsyncResolver-bootstrap-executor-0] ConfigClusterResolver: Resolving eureka endpoints via configuration
2017-11-10 12:46:10,439 INFO  [AsyncResolver-bootstrap-executor-0] ConfigClusterResolver: Resolving eureka endpoints via configuration
2017-11-10 12:51:10,455 INFO  [AsyncResolver-bootstrap-executor-0] ConfigClusterResolver: Resolving eureka endpoints via configuration
2017-11-10 12:56:10,471 INFO  [AsyncResolver-bootstrap-executor-0] ConfigClusterResolver: Resolving eureka endpoints via configuration
2017-11-10 13:01:10,481 INFO  [AsyncResolver-bootstrap-executor-0] ConfigClusterResolver: Resolving eureka endpoints via configuration
2017-11-10 13:06:10,495 INFO  [AsyncResolver-bootstrap-executor-0] ConfigClusterResolver: Resolving eureka endpoints via configuration
2017-11-10 13:11:10,512 INFO  [AsyncResolver-bootstrap-executor-0] ConfigClusterResolver: Resolving eureka endpoints via configuration
2017-11-10 13:16:10,522 INFO  [AsyncResolver-bootstrap-executor-0] ConfigClusterResolver: Resolving eureka endpoints via configuration
2017-11-10 13:21:10,540 INFO  [AsyncResolver-bootstrap-executor-0] ConfigClusterResolver: Resolving eureka endpoints via configuration
2017-11-10 13:26:10,542 INFO  [AsyncResolver-bootstrap-executor-0] ConfigClusterResolver: Resolving eureka endpoints via configuration
2017-11-10 13:31:10,546 INFO  [AsyncResolver-bootstrap-executor-0] ConfigClusterResolver: Resolving eureka endpoints via configuration
2017-11-10 13:36:10,555 INFO  [AsyncResolver-bootstrap-executor-0] ConfigClusterResolver: Resolving eureka endpoints via configuration
2017-11-10 13:41:10,563 INFO  [AsyncResolver-bootstrap-executor-0] ConfigClusterResolver: Resolving eureka endpoints via configuration
2017-11-10 13:46:10,579 INFO  [AsyncResolver-bootstrap-executor-0] ConfigClusterResolver: Resolving eureka endpoints via configuration
2017-11-10 13:51:10,586 INFO  [AsyncResolver-bootstrap-executor-0] ConfigClusterResolver: Resolving eureka endpoints via configuration
2017-11-10 13:56:10,595 INFO  [AsyncResolver-bootstrap-executor-0] ConfigClusterResolver: Resolving eureka endpoints via configuration
2017-11-10 14:01:10,602 INFO  [AsyncResolver-bootstrap-executor-0] ConfigClusterResolver: Resolving eureka endpoints via configuration
2017-11-10 14:06:10,604 INFO  [AsyncResolver-bootstrap-executor-0] ConfigClusterResolver: Resolving eureka endpoints via configuration
2017-11-10 14:11:10,633 INFO  [AsyncResolver-bootstrap-executor-0] ConfigClusterResolver: Resolving eureka endpoints via configuration
2017-11-10 14:16:10,650 INFO  [AsyncResolver-bootstrap-executor-0] ConfigClusterResolver: Resolving eureka endpoints via configuration
2017-11-10 14:21:10,659 INFO  [AsyncResolver-bootstrap-executor-0] ConfigClusterResolver: Resolving eureka endpoints via configuration
2017-11-10 14:26:10,687 INFO  [AsyncResolver-bootstrap-executor-0] ConfigClusterResolver: Resolving eureka endpoints via configuration
2017-11-10 14:31:10,704 INFO  [AsyncResolver-bootstrap-executor-0] ConfigClusterResolver: Resolving eureka endpoints via configuration
2017-11-10 14:36:10,710 INFO  [AsyncResolver-bootstrap-executor-0] ConfigClusterResolver: Resolving eureka endpoints via configuration
2017-11-10 14:41:10,724 INFO  [AsyncResolver-bootstrap-executor-0] ConfigClusterResolver: Resolving eureka endpoints via configuration
2017-11-10 14:46:10,728 INFO  [AsyncResolver-bootstrap-executor-0] ConfigClusterResolver: Resolving eureka endpoints via configuration
2017-11-10 14:51:10,750 INFO  [AsyncResolver-bootstrap-executor-0] ConfigClusterResolver: Resolving eureka endpoints via configuration
2017-11-10 14:56:10,755 INFO  [AsyncResolver-bootstrap-executor-0] ConfigClusterResolver: Resolving eureka endpoints via configuration
2017-11-10 15:01:10,758 INFO  [AsyncResolver-bootstrap-executor-0] ConfigClusterResolver: Resolving eureka endpoints via configuration
2017-11-10 15:06:10,761 INFO  [AsyncResolver-bootstrap-executor-0] ConfigClusterResolver: Resolving eureka endpoints via configuration
2017-11-10 15:11:10,763 INFO  [AsyncResolver-bootstrap-executor-0] ConfigClusterResolver: Resolving eureka endpoints via configuration
2017-11-10 15:16:10,766 INFO  [AsyncResolver-bootstrap-executor-0] ConfigClusterResolver: Resolving eureka endpoints via configuration
2017-11-10 15:21:10,770 INFO  [AsyncResolver-bootstrap-executor-0] ConfigClusterResolver: Resolving eureka endpoints via configuration
2017-11-10 15:26:10,771 INFO  [AsyncResolver-bootstrap-executor-0] ConfigClusterResolver: Resolving eureka endpoints via configuration
2017-11-10 15:31:10,775 INFO  [AsyncResolver-bootstrap-executor-0] ConfigClusterResolver: Resolving eureka endpoints via configuration
2017-11-10 15:36:10,806 INFO  [AsyncResolver-bootstrap-executor-0] ConfigClusterResolver: Resolving eureka endpoints via configuration
2017-11-10 15:41:10,808 INFO  [AsyncResolver-bootstrap-executor-0] ConfigClusterResolver: Resolving eureka endpoints via configuration
2017-11-10 15:46:10,865 INFO  [AsyncResolver-bootstrap-executor-0] ConfigClusterResolver: Resolving eureka endpoints via configuration
2017-11-10 15:51:10,873 INFO  [AsyncResolver-bootstrap-executor-0] ConfigClusterResolver: Resolving eureka endpoints via configuration
2017-11-10 15:56:10,875 INFO  [AsyncResolver-bootstrap-executor-0] ConfigClusterResolver: Resolving eureka endpoints via configuration
2017-11-10 16:01:10,879 INFO  [AsyncResolver-bootstrap-executor-0] ConfigClusterResolver: Resolving eureka endpoints via configuration
2017-11-10 16:06:10,882 INFO  [AsyncResolver-bootstrap-executor-0] ConfigClusterResolver: Resolving eureka endpoints via configuration
2017-11-10 16:11:10,885 INFO  [AsyncResolver-bootstrap-executor-0] ConfigClusterResolver: Resolving eureka endpoints via configuration
2017-11-10 16:16:10,919 INFO  [AsyncResolver-bootstrap-executor-0] ConfigClusterResolver: Resolving eureka endpoints via configuration
2017-11-10 16:21:10,923 INFO  [AsyncResolver-bootstrap-executor-0] ConfigClusterResolver: Resolving eureka endpoints via configuration
2017-11-10 16:26:10,924 INFO  [AsyncResolver-bootstrap-executor-0] ConfigClusterResolver: Resolving eureka endpoints via configuration
2017-11-10 16:31:10,926 INFO  [AsyncResolver-bootstrap-executor-0] ConfigClusterResolver: Resolving eureka endpoints via configuration
2017-11-10 16:36:10,929 INFO  [AsyncResolver-bootstrap-executor-0] ConfigClusterResolver: Resolving eureka endpoints via configuration
2017-11-10 16:41:10,933 INFO  [AsyncResolver-bootstrap-executor-0] ConfigClusterResolver: Resolving eureka endpoints via configuration
2017-11-10 16:46:10,938 INFO  [AsyncResolver-bootstrap-executor-0] ConfigClusterResolver: Resolving eureka endpoints via configuration
2017-11-10 16:51:10,941 INFO  [AsyncResolver-bootstrap-executor-0] ConfigClusterResolver: Resolving eureka endpoints via configuration
2017-11-10 16:56:10,944 INFO  [AsyncResolver-bootstrap-executor-0] ConfigClusterResolver: Resolving eureka endpoints via configuration
2017-11-10 17:01:10,975 INFO  [AsyncResolver-bootstrap-executor-0] ConfigClusterResolver: Resolving eureka endpoints via configuration
2017-11-10 17:06:10,979 INFO  [AsyncResolver-bootstrap-executor-0] ConfigClusterResolver: Resolving eureka endpoints via configuration
2017-11-10 17:11:10,983 INFO  [AsyncResolver-bootstrap-executor-0] ConfigClusterResolver: Resolving eureka endpoints via configuration
2017-11-10 17:16:10,986 INFO  [AsyncResolver-bootstrap-executor-0] ConfigClusterResolver: Resolving eureka endpoints via configuration
2017-11-10 17:21:10,990 INFO  [AsyncResolver-bootstrap-executor-0] ConfigClusterResolver: Resolving eureka endpoints via configuration
2017-11-10 17:26:10,992 INFO  [AsyncResolver-bootstrap-executor-0] ConfigClusterResolver: Resolving eureka endpoints via configuration
2017-11-10 17:31:11,022 INFO  [AsyncResolver-bootstrap-executor-0] ConfigClusterResolver: Resolving eureka endpoints via configuration
2017-11-10 17:36:11,026 INFO  [AsyncResolver-bootstrap-executor-0] ConfigClusterResolver: Resolving eureka endpoints via configuration
2017-11-10 17:41:11,029 INFO  [AsyncResolver-bootstrap-executor-0] ConfigClusterResolver: Resolving eureka endpoints via configuration
2017-11-10 17:46:11,032 INFO  [AsyncResolver-bootstrap-executor-0] ConfigClusterResolver: Resolving eureka endpoints via configuration
