2017-11-09 09:23:11,455 DEBUG [background-preinit] logging: Logging Provider: org.jboss.logging.Slf4jLoggerProvider found via system property
2017-11-09 09:23:17,227 INFO  [restartedMain] AgreeGatewayV1App: The following profiles are active: swagger,dev
2017-11-09 09:23:31,692 DEBUG [restartedMain] AsyncConfiguration: Creating Async Task Executor
2017-11-09 09:23:35,007 DEBUG [restartedMain] MetricsConfiguration: Registering JVM gauges
2017-11-09 09:23:35,198 DEBUG [restartedMain] MetricsConfiguration: Monitoring the datasource
2017-11-09 09:23:35,201 DEBUG [restartedMain] MetricsConfiguration: Initializing Metrics JMX reporting
2017-11-09 09:23:37,941 DEBUG [restartedMain] CacheConfiguration: Configuring Hazelcast
2017-11-09 09:23:38,252 DEBUG [restartedMain] CacheConfiguration: Configuring Hazelcast clustering for instanceId: agreeGatewayV1
2017-11-09 09:23:38,253 DEBUG [restartedMain] CacheConfiguration: Application is running with the "dev" profile, Hazelcast cluster will only work with localhost instances
2017-11-09 09:23:38,710 INFO  [restartedMain] DiscoveryClient: Initializing Eureka in region us-east-1
2017-11-09 09:23:39,670 INFO  [restartedMain] DiscoveryJerseyProvider: Using JSON encoding codec LegacyJacksonJson
2017-11-09 09:23:39,690 INFO  [restartedMain] DiscoveryJerseyProvider: Using JSON decoding codec LegacyJacksonJson
2017-11-09 09:23:39,956 INFO  [restartedMain] DiscoveryJerseyProvider: Using XML encoding codec XStreamXml
2017-11-09 09:23:39,968 INFO  [restartedMain] DiscoveryJerseyProvider: Using XML decoding codec XStreamXml
2017-11-09 09:23:40,840 INFO  [restartedMain] ConfigClusterResolver: Resolving eureka endpoints via configuration
2017-11-09 09:23:41,272 INFO  [restartedMain] DiscoveryClient: Disable delta property : false
2017-11-09 09:23:41,273 INFO  [restartedMain] DiscoveryClient: Single vip registry refresh property : null
2017-11-09 09:23:41,274 INFO  [restartedMain] DiscoveryClient: Force full registry fetch : false
2017-11-09 09:23:41,274 INFO  [restartedMain] DiscoveryClient: Application is null : false
2017-11-09 09:23:41,277 INFO  [restartedMain] DiscoveryClient: Registered Applications size is zero : true
2017-11-09 09:23:41,280 INFO  [restartedMain] DiscoveryClient: Application version is -1: true
2017-11-09 09:23:41,281 INFO  [restartedMain] DiscoveryClient: Getting all instance registry info from the eureka server
2017-11-09 09:23:44,841 INFO  [restartedMain] DiscoveryClient: The response status is 200
2017-11-09 09:23:44,857 INFO  [restartedMain] DiscoveryClient: Starting heartbeat executor: renew interval is: 5
2017-11-09 09:23:44,857 INFO  [restartedMain] InstanceInfoReplicator: InstanceInfoReplicator onDemand update allowed rate per min is 12
2017-11-09 09:23:44,857 INFO  [restartedMain] DiscoveryClient: Discovery Client initialized at timestamp 1510199624857 with initial instances count: 0
2017-11-09 09:23:45,197 INFO  [restartedMain] DefaultAddressPicker: [LOCAL] [dev] [3.7.7] Picked [127.0.0.1]:13781, using socket ServerSocket[addr=/0:0:0:0:0:0:0:0,localport=13781], bind any local is true
2017-11-09 09:23:45,212 INFO  [restartedMain] system: [127.0.0.1]:13781 [dev] [3.7.7] Hazelcast 3.7.7 (20170404 - e3c56ea) starting at [127.0.0.1]:13781
2017-11-09 09:23:45,212 INFO  [restartedMain] system: [127.0.0.1]:13781 [dev] [3.7.7] Copyright (c) 2008-2016, Hazelcast, Inc. All Rights Reserved.
2017-11-09 09:23:45,212 INFO  [restartedMain] system: [127.0.0.1]:13781 [dev] [3.7.7] Configured Hazelcast Serialization version : 1
2017-11-09 09:23:45,560 INFO  [restartedMain] BackpressureRegulator: [127.0.0.1]:13781 [dev] [3.7.7] Backpressure is disabled
2017-11-09 09:23:46,362 DEBUG [restartedMain] ClusterService: [127.0.0.1]:13781 [dev] [3.7.7] Updating members [Member [127.0.0.1]:13781 - 84511393-032b-475f-9f50-241fecba0c53 this]
2017-11-09 09:23:46,378 DEBUG [restartedMain] InternalPartitionService: [127.0.0.1]:13781 [dev] [3.7.7] Adding Member [127.0.0.1]:13781 - 84511393-032b-475f-9f50-241fecba0c53 this
2017-11-09 09:23:46,416 INFO  [restartedMain] Node: [127.0.0.1]:13781 [dev] [3.7.7] Creating TcpIpJoiner
2017-11-09 09:23:46,747 INFO  [restartedMain] OperationExecutorImpl: [127.0.0.1]:13781 [dev] [3.7.7] Starting 4 partition threads
2017-11-09 09:23:46,747 INFO  [restartedMain] OperationExecutorImpl: [127.0.0.1]:13781 [dev] [3.7.7] Starting 3 generic threads (1 dedicated for priority tasks)
2017-11-09 09:23:46,747 INFO  [restartedMain] LifecycleService: [127.0.0.1]:13781 [dev] [3.7.7] [127.0.0.1]:13781 is STARTING
2017-11-09 09:23:46,747 DEBUG [restartedMain] InternalPartitionService: [127.0.0.1]:13781 [dev] [3.7.7] Adding Member [127.0.0.1]:13781 - 84511393-032b-475f-9f50-241fecba0c53 this
2017-11-09 09:23:46,763 INFO  [restartedMain] NonBlockingIOThreadingModel: [127.0.0.1]:13781 [dev] [3.7.7] TcpIpConnectionManager configured with Non Blocking IO-threading model: 3 input threads and 3 output threads
2017-11-09 09:23:46,763 DEBUG [restartedMain] NonBlockingIOThreadingModel: [127.0.0.1]:13781 [dev] [3.7.7] IO threads selector mode is SELECT
2017-11-09 09:23:46,801 DEBUG [restartedMain] TcpIpJoiner: [127.0.0.1]:13781 [dev] [3.7.7] This node will assume master role since no possible member where connected to.
2017-11-09 09:23:46,801 DEBUG [restartedMain] TcpIpJoiner: [127.0.0.1]:13781 [dev] [3.7.7] PostJoin master: [127.0.0.1]:13781, isMaster: true
2017-11-09 09:23:46,801 INFO  [restartedMain] TcpIpJoiner: [127.0.0.1]:13781 [dev] [3.7.7] 


Members [1] {
	Member [127.0.0.1]:13781 - 84511393-032b-475f-9f50-241fecba0c53 this
}

2017-11-09 09:23:47,217 INFO  [restartedMain] LifecycleService: [127.0.0.1]:13781 [dev] [3.7.7] [127.0.0.1]:13781 is STARTED
2017-11-09 09:23:49,622 DEBUG [restartedMain] WebConfigurer: Registering CORS filter
2017-11-09 09:23:49,917 WARN  [restartedMain] URLConfigurationSource: No URLs will be polled as dynamic configuration sources.
2017-11-09 09:23:50,031 INFO  [DiscoveryClient-HeartbeatExecutor-0] DiscoveryClient: DiscoveryClient_AGREEGATEWAYV1/agreeGatewayV1:947484148f9580187ca80e57374d8b17 - Re-registering apps/AGREEGATEWAYV1
2017-11-09 09:23:50,037 INFO  [DiscoveryClient-HeartbeatExecutor-0] DiscoveryClient: DiscoveryClient_AGREEGATEWAYV1/agreeGatewayV1:947484148f9580187ca80e57374d8b17: registering service...
2017-11-09 09:23:50,658 INFO  [DiscoveryClient-HeartbeatExecutor-0] DiscoveryClient: DiscoveryClient_AGREEGATEWAYV1/agreeGatewayV1:947484148f9580187ca80e57374d8b17 - registration status: 204
2017-11-09 09:23:51,151 INFO  [restartedMain] WebConfigurer: Web application configuration, using profiles: swagger
2017-11-09 09:23:51,151 DEBUG [restartedMain] WebConfigurer: Initializing Metrics registries
2017-11-09 09:23:51,159 DEBUG [restartedMain] WebConfigurer: Registering Metrics Filter
2017-11-09 09:23:51,161 DEBUG [restartedMain] WebConfigurer: Registering Metrics Servlet
2017-11-09 09:23:51,167 INFO  [restartedMain] WebConfigurer: Web application fully configured
2017-11-09 09:23:52,450 DEBUG [restartedMain] DatabaseConfiguration: Configuring Liquibase
2017-11-09 09:23:52,590 WARN  [agree-gateway-v-1-Executor-1] AsyncSpringLiquibase: Starting Liquibase asynchronously, your database might not be ready at startup!
2017-11-09 09:23:54,915 INFO  [DiscoveryClient-CacheRefreshExecutor-0] DiscoveryClient: Disable delta property : false
2017-11-09 09:23:54,958 INFO  [DiscoveryClient-CacheRefreshExecutor-0] DiscoveryClient: Single vip registry refresh property : null
2017-11-09 09:23:54,991 INFO  [DiscoveryClient-CacheRefreshExecutor-0] DiscoveryClient: Force full registry fetch : false
2017-11-09 09:23:55,073 INFO  [DiscoveryClient-CacheRefreshExecutor-0] DiscoveryClient: Application is null : false
2017-11-09 09:23:55,183 INFO  [DiscoveryClient-CacheRefreshExecutor-0] DiscoveryClient: Registered Applications size is zero : true
2017-11-09 09:23:55,184 INFO  [DiscoveryClient-CacheRefreshExecutor-0] DiscoveryClient: Application version is -1: false
2017-11-09 09:23:55,185 INFO  [DiscoveryClient-CacheRefreshExecutor-0] DiscoveryClient: Getting all instance registry info from the eureka server
2017-11-09 09:23:55,206 INFO  [DiscoveryClient-CacheRefreshExecutor-0] DiscoveryClient: The response status is 200
2017-11-09 09:24:02,270 DEBUG [agree-gateway-v-1-Executor-1] AsyncSpringLiquibase: Liquibase has updated your database in 9608 ms
2017-11-09 09:24:02,270 WARN  [agree-gateway-v-1-Executor-1] AsyncSpringLiquibase: Warning, Liquibase took more than 5 seconds to start up!
2017-11-09 09:24:02,640 INFO  [restartedMain] HazelcastCacheRegionFactory: Starting up HazelcastCacheRegionFactory
2017-11-09 09:24:02,656 INFO  [restartedMain] HazelcastInstanceFactory: Using existing HazelcastInstance [agreeGatewayV1].
2017-11-09 09:24:14,110 INFO  [DiscoveryClient-CacheRefreshExecutor-0] DiscoveryClient: Disable delta property : false
2017-11-09 09:24:14,345 INFO  [DiscoveryClient-CacheRefreshExecutor-0] DiscoveryClient: Single vip registry refresh property : null
2017-11-09 09:24:14,479 INFO  [DiscoveryClient-CacheRefreshExecutor-0] DiscoveryClient: Force full registry fetch : false
2017-11-09 09:24:14,611 INFO  [DiscoveryClient-CacheRefreshExecutor-0] DiscoveryClient: Application is null : false
2017-11-09 09:24:14,724 INFO  [DiscoveryClient-CacheRefreshExecutor-0] DiscoveryClient: Registered Applications size is zero : true
2017-11-09 09:24:14,782 INFO  [DiscoveryClient-CacheRefreshExecutor-0] DiscoveryClient: Application version is -1: false
2017-11-09 09:24:14,837 INFO  [DiscoveryClient-CacheRefreshExecutor-0] DiscoveryClient: Getting all instance registry info from the eureka server
2017-11-09 09:24:14,974 INFO  [DiscoveryClient-CacheRefreshExecutor-0] DiscoveryClient: The response status is 200
2017-11-09 09:24:16,285 DEBUG [restartedMain] CacheConfiguration: Starting HazelcastCacheManager
2017-11-09 09:24:21,349 DEBUG [restartedMain] SwaggerConfiguration: Starting Swagger
2017-11-09 09:24:21,382 DEBUG [restartedMain] SwaggerConfiguration: Started Swagger in 31 ms
2017-11-09 09:24:23,290 WARN  [restartedMain] URLConfigurationSource: No URLs will be polled as dynamic configuration sources.
2017-11-09 09:24:23,911 WARN  [restartedMain] AnnotationMBeanExporter: Bean with key 'zuulEndpoint' has been registered as an MBean but has no exposed attributes or operations
2017-11-09 09:24:24,680 INFO  [restartedMain] DiscoveryClient: Saw local status change event StatusChangeEvent [timestamp=1510199664680, current=UP, previous=STARTING]
2017-11-09 09:24:26,244 INFO  [DiscoveryClient-InstanceInfoReplicator-0] DiscoveryClient: DiscoveryClient_AGREEGATEWAYV1/agreeGatewayV1:947484148f9580187ca80e57374d8b17: registering service...
2017-11-09 09:24:26,196 INFO  [DiscoveryClient-HeartbeatExecutor-0] DiscoveryClient: DiscoveryClient_AGREEGATEWAYV1/agreeGatewayV1:947484148f9580187ca80e57374d8b17 - Re-registering apps/AGREEGATEWAYV1
2017-11-09 09:24:26,362 INFO  [DiscoveryClient-HeartbeatExecutor-0] DiscoveryClient: DiscoveryClient_AGREEGATEWAYV1/agreeGatewayV1:947484148f9580187ca80e57374d8b17: registering service...
2017-11-09 09:24:26,647 INFO  [DiscoveryClient-InstanceInfoReplicator-0] DiscoveryClient: DiscoveryClient_AGREEGATEWAYV1/agreeGatewayV1:947484148f9580187ca80e57374d8b17 - registration status: 204
2017-11-09 09:24:26,958 INFO  [DiscoveryClient-HeartbeatExecutor-0] DiscoveryClient: DiscoveryClient_AGREEGATEWAYV1/agreeGatewayV1:947484148f9580187ca80e57374d8b17 - registration status: 204
2017-11-09 09:24:27,485 INFO  [restartedMain] AgreeGatewayV1App: Started AgreeGatewayV1App in 80.587 seconds (JVM running for 82.728)
2017-11-09 09:24:27,485 INFO  [restartedMain] AgreeGatewayV1App: 
----------------------------------------------------------
	Application 'agreeGatewayV1' is running! Access URLs:
	Local: 		https://localhost:8080
	External: 	https://192.168.0.18:8080
	Profile(s): 	[swagger, dev]
----------------------------------------------------------
2017-11-09 09:24:27,485 INFO  [restartedMain] AgreeGatewayV1App: 
----------------------------------------------------------
	Config Server: 	Connected to the JHipster Registry config server!
----------------------------------------------------------
2017-11-09 09:28:41,312 INFO  [AsyncResolver-bootstrap-executor-0] ConfigClusterResolver: Resolving eureka endpoints via configuration
2017-11-09 09:33:41,327 INFO  [AsyncResolver-bootstrap-executor-0] ConfigClusterResolver: Resolving eureka endpoints via configuration
2017-11-09 09:38:41,341 INFO  [AsyncResolver-bootstrap-executor-0] ConfigClusterResolver: Resolving eureka endpoints via configuration
2017-11-09 09:43:41,344 INFO  [AsyncResolver-bootstrap-executor-0] ConfigClusterResolver: Resolving eureka endpoints via configuration
2017-11-09 09:48:41,356 INFO  [AsyncResolver-bootstrap-executor-0] ConfigClusterResolver: Resolving eureka endpoints via configuration
2017-11-09 09:53:41,378 INFO  [AsyncResolver-bootstrap-executor-0] ConfigClusterResolver: Resolving eureka endpoints via configuration
2017-11-09 09:58:41,390 INFO  [AsyncResolver-bootstrap-executor-0] ConfigClusterResolver: Resolving eureka endpoints via configuration
2017-11-09 10:03:41,396 INFO  [AsyncResolver-bootstrap-executor-0] ConfigClusterResolver: Resolving eureka endpoints via configuration
2017-11-09 10:08:41,400 INFO  [AsyncResolver-bootstrap-executor-0] ConfigClusterResolver: Resolving eureka endpoints via configuration
2017-11-09 10:13:41,406 INFO  [AsyncResolver-bootstrap-executor-0] ConfigClusterResolver: Resolving eureka endpoints via configuration
2017-11-09 10:18:41,419 INFO  [AsyncResolver-bootstrap-executor-0] ConfigClusterResolver: Resolving eureka endpoints via configuration
2017-11-09 10:23:41,430 INFO  [AsyncResolver-bootstrap-executor-0] ConfigClusterResolver: Resolving eureka endpoints via configuration
2017-11-09 10:28:41,447 INFO  [AsyncResolver-bootstrap-executor-0] ConfigClusterResolver: Resolving eureka endpoints via configuration
2017-11-09 10:33:41,450 INFO  [AsyncResolver-bootstrap-executor-0] ConfigClusterResolver: Resolving eureka endpoints via configuration
2017-11-09 10:38:41,455 INFO  [AsyncResolver-bootstrap-executor-0] ConfigClusterResolver: Resolving eureka endpoints via configuration
2017-11-09 10:43:41,459 INFO  [AsyncResolver-bootstrap-executor-0] ConfigClusterResolver: Resolving eureka endpoints via configuration
2017-11-09 10:48:41,461 INFO  [AsyncResolver-bootstrap-executor-0] ConfigClusterResolver: Resolving eureka endpoints via configuration
2017-11-09 10:53:41,464 INFO  [AsyncResolver-bootstrap-executor-0] ConfigClusterResolver: Resolving eureka endpoints via configuration
2017-11-09 10:58:41,469 INFO  [AsyncResolver-bootstrap-executor-0] ConfigClusterResolver: Resolving eureka endpoints via configuration
2017-11-09 11:03:41,472 INFO  [AsyncResolver-bootstrap-executor-0] ConfigClusterResolver: Resolving eureka endpoints via configuration
2017-11-09 11:08:41,474 INFO  [AsyncResolver-bootstrap-executor-0] ConfigClusterResolver: Resolving eureka endpoints via configuration
2017-11-09 11:13:41,477 INFO  [AsyncResolver-bootstrap-executor-0] ConfigClusterResolver: Resolving eureka endpoints via configuration
2017-11-09 11:18:41,481 INFO  [AsyncResolver-bootstrap-executor-0] ConfigClusterResolver: Resolving eureka endpoints via configuration
2017-11-09 11:23:41,482 INFO  [AsyncResolver-bootstrap-executor-0] ConfigClusterResolver: Resolving eureka endpoints via configuration
2017-11-09 11:28:41,485 INFO  [AsyncResolver-bootstrap-executor-0] ConfigClusterResolver: Resolving eureka endpoints via configuration
2017-11-09 11:33:41,464 INFO  [AsyncResolver-bootstrap-executor-0] ConfigClusterResolver: Resolving eureka endpoints via configuration
2017-11-09 11:38:41,467 INFO  [AsyncResolver-bootstrap-executor-0] ConfigClusterResolver: Resolving eureka endpoints via configuration
2017-11-09 11:43:41,483 INFO  [AsyncResolver-bootstrap-executor-0] ConfigClusterResolver: Resolving eureka endpoints via configuration
2017-11-09 11:48:41,498 INFO  [AsyncResolver-bootstrap-executor-0] ConfigClusterResolver: Resolving eureka endpoints via configuration
2017-11-09 11:53:41,511 INFO  [AsyncResolver-bootstrap-executor-0] ConfigClusterResolver: Resolving eureka endpoints via configuration
2017-11-09 11:58:41,520 INFO  [AsyncResolver-bootstrap-executor-0] ConfigClusterResolver: Resolving eureka endpoints via configuration
2017-11-09 12:03:41,525 INFO  [AsyncResolver-bootstrap-executor-0] ConfigClusterResolver: Resolving eureka endpoints via configuration
2017-11-09 12:08:41,541 INFO  [AsyncResolver-bootstrap-executor-0] ConfigClusterResolver: Resolving eureka endpoints via configuration
2017-11-09 12:13:41,545 INFO  [AsyncResolver-bootstrap-executor-0] ConfigClusterResolver: Resolving eureka endpoints via configuration
2017-11-09 12:18:41,547 INFO  [AsyncResolver-bootstrap-executor-0] ConfigClusterResolver: Resolving eureka endpoints via configuration
2017-11-09 12:23:41,565 INFO  [AsyncResolver-bootstrap-executor-0] ConfigClusterResolver: Resolving eureka endpoints via configuration
2017-11-09 12:28:41,581 INFO  [AsyncResolver-bootstrap-executor-0] ConfigClusterResolver: Resolving eureka endpoints via configuration
2017-11-09 12:33:41,587 INFO  [AsyncResolver-bootstrap-executor-0] ConfigClusterResolver: Resolving eureka endpoints via configuration
2017-11-09 12:38:41,591 INFO  [AsyncResolver-bootstrap-executor-0] ConfigClusterResolver: Resolving eureka endpoints via configuration
2017-11-09 12:43:41,595 INFO  [AsyncResolver-bootstrap-executor-0] ConfigClusterResolver: Resolving eureka endpoints via configuration
2017-11-09 12:48:41,599 INFO  [AsyncResolver-bootstrap-executor-0] ConfigClusterResolver: Resolving eureka endpoints via configuration
2017-11-09 12:53:41,611 INFO  [AsyncResolver-bootstrap-executor-0] ConfigClusterResolver: Resolving eureka endpoints via configuration
2017-11-09 12:58:41,620 INFO  [AsyncResolver-bootstrap-executor-0] ConfigClusterResolver: Resolving eureka endpoints via configuration
2017-11-09 13:03:41,626 INFO  [AsyncResolver-bootstrap-executor-0] ConfigClusterResolver: Resolving eureka endpoints via configuration
2017-11-09 13:08:41,633 INFO  [AsyncResolver-bootstrap-executor-0] ConfigClusterResolver: Resolving eureka endpoints via configuration
2017-11-09 13:13:41,636 INFO  [AsyncResolver-bootstrap-executor-0] ConfigClusterResolver: Resolving eureka endpoints via configuration
2017-11-09 13:18:41,639 INFO  [AsyncResolver-bootstrap-executor-0] ConfigClusterResolver: Resolving eureka endpoints via configuration
2017-11-09 13:23:41,641 INFO  [AsyncResolver-bootstrap-executor-0] ConfigClusterResolver: Resolving eureka endpoints via configuration
2017-11-09 13:28:41,643 INFO  [AsyncResolver-bootstrap-executor-0] ConfigClusterResolver: Resolving eureka endpoints via configuration
2017-11-09 13:33:41,654 INFO  [AsyncResolver-bootstrap-executor-0] ConfigClusterResolver: Resolving eureka endpoints via configuration
2017-11-09 13:38:41,659 INFO  [AsyncResolver-bootstrap-executor-0] ConfigClusterResolver: Resolving eureka endpoints via configuration
2017-11-09 13:43:41,680 INFO  [AsyncResolver-bootstrap-executor-0] ConfigClusterResolver: Resolving eureka endpoints via configuration
2017-11-09 13:48:41,695 INFO  [AsyncResolver-bootstrap-executor-0] ConfigClusterResolver: Resolving eureka endpoints via configuration
2017-11-09 13:53:41,710 INFO  [AsyncResolver-bootstrap-executor-0] ConfigClusterResolver: Resolving eureka endpoints via configuration
2017-11-09 13:58:41,720 INFO  [AsyncResolver-bootstrap-executor-0] ConfigClusterResolver: Resolving eureka endpoints via configuration
2017-11-09 14:03:41,724 INFO  [AsyncResolver-bootstrap-executor-0] ConfigClusterResolver: Resolving eureka endpoints via configuration
2017-11-09 14:08:41,742 INFO  [AsyncResolver-bootstrap-executor-0] ConfigClusterResolver: Resolving eureka endpoints via configuration
2017-11-09 14:13:41,745 INFO  [AsyncResolver-bootstrap-executor-0] ConfigClusterResolver: Resolving eureka endpoints via configuration
2017-11-09 14:18:41,763 INFO  [AsyncResolver-bootstrap-executor-0] ConfigClusterResolver: Resolving eureka endpoints via configuration
2017-11-09 14:23:41,774 INFO  [AsyncResolver-bootstrap-executor-0] ConfigClusterResolver: Resolving eureka endpoints via configuration
2017-11-09 14:28:41,778 INFO  [AsyncResolver-bootstrap-executor-0] ConfigClusterResolver: Resolving eureka endpoints via configuration
2017-11-09 14:33:41,782 INFO  [AsyncResolver-bootstrap-executor-0] ConfigClusterResolver: Resolving eureka endpoints via configuration
2017-11-09 14:38:41,785 INFO  [AsyncResolver-bootstrap-executor-0] ConfigClusterResolver: Resolving eureka endpoints via configuration
2017-11-09 14:43:41,789 INFO  [AsyncResolver-bootstrap-executor-0] ConfigClusterResolver: Resolving eureka endpoints via configuration
2017-11-09 14:48:41,791 INFO  [AsyncResolver-bootstrap-executor-0] ConfigClusterResolver: Resolving eureka endpoints via configuration
2017-11-09 14:53:41,800 INFO  [AsyncResolver-bootstrap-executor-0] ConfigClusterResolver: Resolving eureka endpoints via configuration
2017-11-09 14:58:41,810 INFO  [AsyncResolver-bootstrap-executor-0] ConfigClusterResolver: Resolving eureka endpoints via configuration
2017-11-09 15:03:41,817 INFO  [AsyncResolver-bootstrap-executor-0] ConfigClusterResolver: Resolving eureka endpoints via configuration
2017-11-09 15:08:41,820 INFO  [AsyncResolver-bootstrap-executor-0] ConfigClusterResolver: Resolving eureka endpoints via configuration
2017-11-09 15:13:41,842 INFO  [AsyncResolver-bootstrap-executor-0] ConfigClusterResolver: Resolving eureka endpoints via configuration
2017-11-09 15:18:41,851 INFO  [AsyncResolver-bootstrap-executor-0] ConfigClusterResolver: Resolving eureka endpoints via configuration
2017-11-09 15:23:41,866 INFO  [AsyncResolver-bootstrap-executor-0] ConfigClusterResolver: Resolving eureka endpoints via configuration
2017-11-09 15:28:41,882 INFO  [AsyncResolver-bootstrap-executor-0] ConfigClusterResolver: Resolving eureka endpoints via configuration
2017-11-09 15:33:41,893 INFO  [AsyncResolver-bootstrap-executor-0] ConfigClusterResolver: Resolving eureka endpoints via configuration
2017-11-09 15:38:41,902 INFO  [AsyncResolver-bootstrap-executor-0] ConfigClusterResolver: Resolving eureka endpoints via configuration
2017-11-09 15:43:41,912 INFO  [AsyncResolver-bootstrap-executor-0] ConfigClusterResolver: Resolving eureka endpoints via configuration
2017-11-09 15:48:41,918 INFO  [AsyncResolver-bootstrap-executor-0] ConfigClusterResolver: Resolving eureka endpoints via configuration
2017-11-09 15:53:41,929 INFO  [AsyncResolver-bootstrap-executor-0] ConfigClusterResolver: Resolving eureka endpoints via configuration
2017-11-09 15:58:41,935 INFO  [AsyncResolver-bootstrap-executor-0] ConfigClusterResolver: Resolving eureka endpoints via configuration
2017-11-09 16:03:41,938 INFO  [AsyncResolver-bootstrap-executor-0] ConfigClusterResolver: Resolving eureka endpoints via configuration
2017-11-09 16:08:41,941 INFO  [AsyncResolver-bootstrap-executor-0] ConfigClusterResolver: Resolving eureka endpoints via configuration
2017-11-09 16:13:41,944 INFO  [AsyncResolver-bootstrap-executor-0] ConfigClusterResolver: Resolving eureka endpoints via configuration
2017-11-09 16:18:41,948 INFO  [AsyncResolver-bootstrap-executor-0] ConfigClusterResolver: Resolving eureka endpoints via configuration
2017-11-09 16:23:41,951 INFO  [AsyncResolver-bootstrap-executor-0] ConfigClusterResolver: Resolving eureka endpoints via configuration
2017-11-09 16:28:41,953 INFO  [AsyncResolver-bootstrap-executor-0] ConfigClusterResolver: Resolving eureka endpoints via configuration
2017-11-09 16:33:41,954 INFO  [AsyncResolver-bootstrap-executor-0] ConfigClusterResolver: Resolving eureka endpoints via configuration
2017-11-09 16:38:41,957 INFO  [AsyncResolver-bootstrap-executor-0] ConfigClusterResolver: Resolving eureka endpoints via configuration
2017-11-09 16:43:41,959 INFO  [AsyncResolver-bootstrap-executor-0] ConfigClusterResolver: Resolving eureka endpoints via configuration
2017-11-09 16:48:41,962 INFO  [AsyncResolver-bootstrap-executor-0] ConfigClusterResolver: Resolving eureka endpoints via configuration
2017-11-09 16:53:41,973 INFO  [AsyncResolver-bootstrap-executor-0] ConfigClusterResolver: Resolving eureka endpoints via configuration
2017-11-09 16:58:41,989 INFO  [AsyncResolver-bootstrap-executor-0] ConfigClusterResolver: Resolving eureka endpoints via configuration
2017-11-09 17:03:41,999 INFO  [AsyncResolver-bootstrap-executor-0] ConfigClusterResolver: Resolving eureka endpoints via configuration
2017-11-09 17:08:42,004 INFO  [AsyncResolver-bootstrap-executor-0] ConfigClusterResolver: Resolving eureka endpoints via configuration
2017-11-09 17:13:42,009 INFO  [AsyncResolver-bootstrap-executor-0] ConfigClusterResolver: Resolving eureka endpoints via configuration
2017-11-09 17:18:42,014 INFO  [AsyncResolver-bootstrap-executor-0] ConfigClusterResolver: Resolving eureka endpoints via configuration
2017-11-09 17:23:42,019 INFO  [AsyncResolver-bootstrap-executor-0] ConfigClusterResolver: Resolving eureka endpoints via configuration
2017-11-09 17:28:42,022 INFO  [AsyncResolver-bootstrap-executor-0] ConfigClusterResolver: Resolving eureka endpoints via configuration
2017-11-09 17:33:42,024 INFO  [AsyncResolver-bootstrap-executor-0] ConfigClusterResolver: Resolving eureka endpoints via configuration
